Using pre-set license
Built from '2020.3/staging' branch; Version is '2020.3.21f1 (a38c86f6690f) revision 10718342'; Using compiler version '192528614'; Build Type 'Release'
OS: 'Windows 10 Pro; OS build 19042.1348; Version 2009; 64bit' Language: 'en' Physical Memory: 8076 MB
BatchMode: 1, IsHumanControllingUs: 0, StartBugReporterOnCrash: 0, Is64bit: 1, IsPro: 0

COMMAND LINE ARGUMENTS:
D:\Program Files\Unity\Hub\Editor\2020.3.21f1\Editor\Unity.exe
-adb2
-batchMode
-noUpm
-name
AssetImportWorker4
-projectPath
D:/VirtualGame
-logFile
Logs/AssetImportWorker4.log
-srvPort
50583
Successfully changed project path to: D:/VirtualGame
D:/VirtualGame
Using Asset Import Pipeline V2.
Refreshing native plugins compatible for Editor in 122.55 ms, found 2 plugins.
Preloading 0 native plugins for Editor in 0.00 ms.
Initialize engine version: 2020.3.21f1 (a38c86f6690f)
[Subsystems] Discovering subsystems at path D:/Program Files/Unity/Hub/Editor/2020.3.21f1/Editor/Data/Resources/UnitySubsystems
[Subsystems] Discovering subsystems at path D:/VirtualGame/Assets
GfxDevice: creating device client; threaded=0
Direct3D:
    Version:  Direct3D 11.0 [level 11.1]
    Renderer: NVIDIA GeForce GTX 1050 (ID=0x1c8d)
    Vendor:   
    VRAM:     4021 MB
    Driver:   30.0.14.9649
Initialize mono
Mono path[0] = 'D:/Program Files/Unity/Hub/Editor/2020.3.21f1/Editor/Data/Managed'
Mono path[1] = 'D:/Program Files/Unity/Hub/Editor/2020.3.21f1/Editor/Data/MonoBleedingEdge/lib/mono/unityjit'
Mono config path = 'D:/Program Files/Unity/Hub/Editor/2020.3.21f1/Editor/Data/MonoBleedingEdge/etc'
Using monoOptions --debugger-agent=transport=dt_socket,embedding=1,server=y,suspend=n,address=127.0.0.1:56192
Begin MonoManager ReloadAssembly
Registering precompiled unity dll's ...
Register platform support module: D:/Program Files/Unity/Hub/Editor/2020.3.21f1/Editor/Data/PlaybackEngines/WindowsStandaloneSupport/UnityEditor.WindowsStandalone.Extensions.dll
Registered in 0.001485 seconds.
Native extension for WindowsStandalone target not found
Refreshing native plugins compatible for Editor in 122.75 ms, found 2 plugins.
Preloading 0 native plugins for Editor in 0.00 ms.
Mono: successfully reloaded assembly
- Completed reload, in  4.885 seconds
Domain Reload Profiling:
	ReloadAssembly (4886ms)
		BeginReloadAssembly (115ms)
			ExecutionOrderSort (0ms)
			DisableScriptedObjects (0ms)
			BackupInstance (0ms)
			ReleaseScriptingObjects (0ms)
			CreateAndSetChildDomain (1ms)
		EndReloadAssembly (1476ms)
			LoadAssemblies (111ms)
			RebuildTransferFunctionScriptingTraits (0ms)
			SetupTypeCache (427ms)
			ReleaseScriptCaches (0ms)
			RebuildScriptCaches (101ms)
			SetupLoadedEditorAssemblies (668ms)
				LogAssemblyErrors (0ms)
				InitializePlatformSupportModulesInManaged (12ms)
				SetLoadedEditorAssemblies (1ms)
				RefreshPlugins (123ms)
				BeforeProcessingInitializeOnLoad (65ms)
				ProcessInitializeOnLoadAttributes (343ms)
				ProcessInitializeOnLoadMethodAttributes (123ms)
				AfterProcessingInitializeOnLoad (0ms)
				EditorAssembliesLoaded (1ms)
			ExecutionOrderSort2 (0ms)
			AwakeInstancesAfterBackupRestoration (0ms)
Platform modules already initialized, skipping
Registering precompiled user dll's ...
Registered in 0.017971 seconds.
Begin MonoManager ReloadAssembly
Native extension for WindowsStandalone target not found
Refreshing native plugins compatible for Editor in 235.55 ms, found 2 plugins.
Preloading 0 native plugins for Editor in 0.00 ms.
Mono: successfully reloaded assembly
- Completed reload, in  9.581 seconds
Domain Reload Profiling:
	ReloadAssembly (9590ms)
		BeginReloadAssembly (842ms)
			ExecutionOrderSort (20ms)
			DisableScriptedObjects (31ms)
			BackupInstance (0ms)
			ReleaseScriptingObjects (0ms)
			CreateAndSetChildDomain (100ms)
		EndReloadAssembly (8394ms)
			LoadAssemblies (2586ms)
			RebuildTransferFunctionScriptingTraits (0ms)
			SetupTypeCache (2313ms)
			ReleaseScriptCaches (2ms)
			RebuildScriptCaches (162ms)
			SetupLoadedEditorAssemblies (2661ms)
				LogAssemblyErrors (0ms)
				InitializePlatformSupportModulesInManaged (20ms)
				SetLoadedEditorAssemblies (1ms)
				RefreshPlugins (236ms)
				BeforeProcessingInitializeOnLoad (702ms)
				ProcessInitializeOnLoadAttributes (1507ms)
				ProcessInitializeOnLoadMethodAttributes (175ms)
				AfterProcessingInitializeOnLoad (18ms)
				EditorAssembliesLoaded (2ms)
			ExecutionOrderSort2 (0ms)
			AwakeInstancesAfterBackupRestoration (41ms)
Platform modules already initialized, skipping
========================================================================
Worker process is ready to serve import requests
Launched and connected shader compiler UnityShaderCompiler.exe after 0.60 seconds
Refreshing native plugins compatible for Editor in 1.65 ms, found 2 plugins.
Preloading 0 native plugins for Editor in 0.00 ms.
Unloading 2167 Unused Serialized files (Serialized files now loaded: 0)
System memory in use before: 90.9 MB.
System memory in use after: 90.9 MB.

Unloading 26 unused Assets to reduce memory usage. Loaded Objects now: 2597.
Total: 18.046600 ms (FindLiveObjects: 0.369700 ms CreateObjectMapping: 0.221300 ms MarkObjects: 16.758000 ms  DeleteObjects: 0.694100 ms)

AssetImportParameters requested are different than current active one (requested -> active):
  custom:framework-win-MediaFoundation: 216162199b28c13a410421893ffa2e32 -> 
  custom:video-decoder-ogg-theora: a1e56fd34408186e4bbccfd4996cb3dc -> 
  custom:container-muxer-webm: aa71ff27fc2769a1b78a27578f13a17b -> 
  custom:container-demuxer-webm: 4f35f7cbe854078d1ac9338744f61a02 -> 
  custom:container-demuxer-ogg: 62fdf1f143b41e24485cea50d1cbac27 -> 
  custom:video-encoder-webm-vp8: eb34c28f22e8b96e1ab97ce403110664 -> 
  custom:video-decoder-webm-vp8: 9c59270c3fd7afecdb556c50c9e8de78 -> 
  custom:audio-decoder-ogg-vorbis: bf7c407c2cedff20999df2af8eb42d56 -> 
  custom:audio-encoder-webm-vorbis: bf7c407c2cedff20999df2af8eb42d56 -> 
========================================================================
Received Import Request.
  path: Assets/Scenes/Scene_Gameplay.unity
  artifactKey: Guid(4dbbe6e84ff2c514d92e5c90a30c23d4) Importer(815301076,1909f56bfc062723c751e8b465ee728b)
Start importing Assets/Scenes/Scene_Gameplay.unity using Guid(4dbbe6e84ff2c514d92e5c90a30c23d4) Importer(815301076,1909f56bfc062723c751e8b465ee728b)  -> (artifact id: '0891042282f056fe3e18b3bb4eeb41d6') in 0.227121 seconds 
  Import took 0.423762 seconds .

========================================================================
Received Import Request.
  Time since last request: 646.377199 seconds.
  path: Assets/Joystick Pack/Sprites/All Axis Backgrounds/AllAxis_Outline.png
  artifactKey: Guid(5b56d9fa0e8bd6e409ed188db38a692c) Importer(815301076,1909f56bfc062723c751e8b465ee728b)
Start importing Assets/Joystick Pack/Sprites/All Axis Backgrounds/AllAxis_Outline.png using Guid(5b56d9fa0e8bd6e409ed188db38a692c) Importer(815301076,1909f56bfc062723c751e8b465ee728b)  -> (artifact id: 'f99403ea413c023b59ae93408931a578') in 0.998697 seconds 
  Import took 1.117153 seconds .

========================================================================
Received Import Request.
  Time since last request: 0.000860 seconds.
  path: Assets/UI/Spinner Selection Screen/Arrow_Left.png
  artifactKey: Guid(deacb1302b5e3604bab367ec4cf26018) Importer(815301076,1909f56bfc062723c751e8b465ee728b)
Start importing Assets/UI/Spinner Selection Screen/Arrow_Left.png using Guid(deacb1302b5e3604bab367ec4cf26018) Importer(815301076,1909f56bfc062723c751e8b465ee728b)  -> (artifact id: 'edbd03b5e9be4764a4ee9c5768d2ff38') in 0.160769 seconds 
  Import took 0.261256 seconds .

========================================================================
Received Import Request.
  Time since last request: 0.000833 seconds.
  path: Assets/UI/Spinner Selection Screen/Arrow_Right.png
  artifactKey: Guid(f4980a792ecefdc46889509eeab1859e) Importer(815301076,1909f56bfc062723c751e8b465ee728b)
Start importing Assets/UI/Spinner Selection Screen/Arrow_Right.png using Guid(f4980a792ecefdc46889509eeab1859e) Importer(815301076,1909f56bfc062723c751e8b465ee728b)  -> (artifact id: 'e240e1c6743600743867ccd932b19974') in 0.119927 seconds 
  Import took 0.198322 seconds .

========================================================================
Received Import Request.
  Time since last request: 0.000623 seconds.
  path: Assets/Joystick Pack/Sprites/All Axis Backgrounds/AllAxis_Plain.png
  artifactKey: Guid(84487d73ca4b791498332d8f6858417f) Importer(815301076,1909f56bfc062723c751e8b465ee728b)
Start importing Assets/Joystick Pack/Sprites/All Axis Backgrounds/AllAxis_Plain.png using Guid(84487d73ca4b791498332d8f6858417f) Importer(815301076,1909f56bfc062723c751e8b465ee728b)  -> (artifact id: 'febdffd70a2016b469d928f620e17988') in 0.116724 seconds 
  Import took 0.133081 seconds .

========================================================================
Received Import Request.
  Time since last request: 0.000939 seconds.
  path: Assets/Joystick Pack/Sprites/All Axis Backgrounds/AllAxis_Plain_Arrows.png
  artifactKey: Guid(2a1f3cba20f3e11498474a705db12fde) Importer(815301076,1909f56bfc062723c751e8b465ee728b)
Start importing Assets/Joystick Pack/Sprites/All Axis Backgrounds/AllAxis_Plain_Arrows.png using Guid(2a1f3cba20f3e11498474a705db12fde) Importer(815301076,1909f56bfc062723c751e8b465ee728b)  -> (artifact id: '526856afc989c15f356cf67d46b424f3') in 0.142157 seconds 
  Import took 0.244635 seconds .

========================================================================
Received Import Request.
  Time since last request: 0.000846 seconds.
  path: Assets/Joystick Pack/Sprites/All Axis Backgrounds/AllAxis_Ridged.png
  artifactKey: Guid(54628aafa20f64b40ae661038ee7abf0) Importer(815301076,1909f56bfc062723c751e8b465ee728b)
Start importing Assets/Joystick Pack/Sprites/All Axis Backgrounds/AllAxis_Ridged.png using Guid(54628aafa20f64b40ae661038ee7abf0) Importer(815301076,1909f56bfc062723c751e8b465ee728b)  -> (artifact id: 'c5eed92bbd2fca9e63b7a68fe6b887ca') in 0.122717 seconds 
  Import took 0.220367 seconds .

========================================================================
Received Import Request.
  Time since last request: 0.000779 seconds.
  path: Assets/Joystick Pack/Sprites/All Axis Backgrounds/AllAxis_Outline_Arrows.png
  artifactKey: Guid(48c0d4d6bebaa934384b07aa1e2f8184) Importer(815301076,1909f56bfc062723c751e8b465ee728b)
Start importing Assets/Joystick Pack/Sprites/All Axis Backgrounds/AllAxis_Outline_Arrows.png using Guid(48c0d4d6bebaa934384b07aa1e2f8184) Importer(815301076,1909f56bfc062723c751e8b465ee728b)  -> (artifact id: '9d551379c9d83d33978dca06a26a253d') in 0.130747 seconds 
  Import took 0.197545 seconds .

========================================================================
Received Import Request.
  Time since last request: 0.000816 seconds.
  path: Assets/Joystick Pack/Sprites/All Axis Backgrounds/AllAxis_Ridged_Arrows.png
  artifactKey: Guid(4cbc879550e5e374a925e2e0a84d6f3c) Importer(815301076,1909f56bfc062723c751e8b465ee728b)
Start importing Assets/Joystick Pack/Sprites/All Axis Backgrounds/AllAxis_Ridged_Arrows.png using Guid(4cbc879550e5e374a925e2e0a84d6f3c) Importer(815301076,1909f56bfc062723c751e8b465ee728b)  -> (artifact id: '446e552aa56c0ad63fa7d59e55c7017a') in 0.117945 seconds 
  Import took 0.187273 seconds .

AssetImportWorkerClient::OnTransportError - code=2 error=End of file
